<?xml version="1.0" encoding="UTF-8"?>
<!-- Generated by org.testng.reporters.JUnitReportReporter -->
<testsuite hostname="MacBook-Pro.local" failures="0" tests="1" name="com.testCases.TC_004_LoginDDT_Fail_Scenarios" time="10.577" errors="0" timestamp="2024-12-08T23:11:46 EST" skipped="0">
  <testcase classname="com.testCases.TC_004_LoginDDT_Fail_Scenarios" name="verify_loginDDT" time="10.577"/>
</testsuite> <!-- com.testCases.TC_004_LoginDDT_Fail_Scenarios -->
