<?xml version="1.0" encoding="UTF-8"?>
<!-- Generated by org.testng.reporters.JUnitReportReporter -->
<testsuite hostname="MacBook-Pro.local" failures="0" tests="1" name="com.testCases.TC_001_AccountCreationTest" time="0.839" errors="0" timestamp="2024-12-08T23:07:47 EST" skipped="0">
  <testcase classname="com.testCases.TC_001_AccountCreationTest" name="test_account_registration" time="0.839"/>
</testsuite> <!-- com.testCases.TC_001_AccountCreationTest -->
