<?xml version="1.0" encoding="UTF-8"?>
<!-- Generated by org.testng.reporters.JUnitReportReporter -->
<testsuite hostname="MacBook-Pro.local" failures="0" tests="10" name="com.testCases.TC_004_LoginDDT_Fail_Scenarios" time="64.339" errors="0" timestamp="2024-12-09T15:55:36 EST" skipped="0">
  <testcase classname="com.testCases.TC_004_LoginDDT_Fail_Scenarios" name="verify_loginDDT" time="10.375"/>
  <testcase classname="com.testCases.TC_004_LoginDDT_Fail_Scenarios" name="verify_loginDDT" time="10.362"/>
  <testcase classname="com.testCases.TC_004_LoginDDT_Fail_Scenarios" name="verify_loginDDT" time="10.417"/>
  <testcase classname="com.testCases.TC_004_LoginDDT_Fail_Scenarios" name="verify_loginDDT" time="10.334"/>
  <testcase classname="com.testCases.TC_004_LoginDDT_Fail_Scenarios" name="verify_loginDDT" time="0.456"/>
  <testcase classname="com.testCases.TC_004_LoginDDT_Fail_Scenarios" name="verify_loginDDT" time="0.570"/>
  <testcase classname="com.testCases.TC_004_LoginDDT_Fail_Scenarios" name="verify_loginDDT" time="10.379"/>
  <testcase classname="com.testCases.TC_004_LoginDDT_Fail_Scenarios" name="verify_loginDDT" time="0.580"/>
  <testcase classname="com.testCases.TC_004_LoginDDT_Fail_Scenarios" name="verify_loginDDT" time="0.447"/>
  <testcase classname="com.testCases.TC_004_LoginDDT_Fail_Scenarios" name="verify_loginDDT" time="10.419"/>
</testsuite> <!-- com.testCases.TC_004_LoginDDT_Fail_Scenarios -->
