<?xml version="1.0" encoding="UTF-8"?>
<!-- Generated by org.testng.reporters.JUnitReportReporter -->
<testsuite hostname="MacBook-Pro.local" failures="0" tests="2" name="com.testCases.TC_002_LoginTest" time="1.182" errors="0" timestamp="2024-12-09T15:55:36 EST" skipped="0">
  <testcase classname="com.testCases.TC_002_LoginTest" name="verify_login" time="0.600"/>
  <testcase classname="com.testCases.TC_002_LoginTest" name="verify_login" time="0.582"/>
</testsuite> <!-- com.testCases.TC_002_LoginTest -->
