<?xml version="1.0" encoding="UTF-8"?>
<!-- Generated by org.testng.reporters.JUnitReportReporter -->
<testsuite hostname="MacBook-Pro.local" failures="0" tests="2" name="com.testCases.TC_001_AccountCreationTest" time="6.704" errors="0" timestamp="2024-12-09T15:55:36 EST" skipped="0">
  <testcase classname="com.testCases.TC_001_AccountCreationTest" name="test_account_registration" time="5.789"/>
  <testcase classname="com.testCases.TC_001_AccountCreationTest" name="test_account_registration" time="0.915"/>
</testsuite> <!-- com.testCases.TC_001_AccountCreationTest -->
